{
  "uid" : "ee149947b8a1702b",
  "name" : "Заявка \"Оплата по карте\" не отправляется с символами на кириллице в поле \"Владелец\"",
  "fullName" : "ru.netology.cases.OrderByCardTest.shouldNotSendWithCyrillicOwner",
  "historyId" : "9f24c44dfb455b0ae78655978fb6bc47",
  "time" : {
    "start" : 1627399937196,
    "stop" : 1627399937328,
    "duration" : 132
  },
  "description" : "",
  "status" : "broken",
  "statusMessage" : "unknown error: Chrome failed to start: exited abnormally.\n  (unknown error: DevToolsActivePort file doesn't exist)\n  (The process started from chrome location /usr/bin/google-chrome is no longer running, so ChromeDriver is assuming that Chrome has crashed.)\nBuild info: version: '3.141.59', revision: 'e82be7d358', time: '2018-11-14T08:17:03'\nSystem info: host: 'fv-az224-717', ip: '10.1.0.201', os.name: 'Linux', os.arch: 'amd64', os.version: '5.8.0-1036-azure', java.version: '11.0.12'\nDriver info: driver.version: SelenideDriver\nselenide.url: http://localhost:8080\nselenide.baseUrl: http://localhost:8080\nremote stacktrace: #0 0x557885286949 <unknown>\n",
  "statusTrace" : "org.openqa.selenium.WebDriverException: unknown error: Chrome failed to start: exited abnormally.\n  (unknown error: DevToolsActivePort file doesn't exist)\n  (The process started from chrome location /usr/bin/google-chrome is no longer running, so ChromeDriver is assuming that Chrome has crashed.)\nBuild info: version: '3.141.59', revision: 'e82be7d358', time: '2018-11-14T08:17:03'\nSystem info: host: 'fv-az224-717', ip: '10.1.0.201', os.name: 'Linux', os.arch: 'amd64', os.version: '5.8.0-1036-azure', java.version: '11.0.12'\nDriver info: driver.version: SelenideDriver\nselenide.url: http://localhost:8080\nselenide.baseUrl: http://localhost:8080\nremote stacktrace: #0 0x557885286949 <unknown>\n\n\tat jdk.internal.reflect.GeneratedConstructorAccessor27.newInstance(Unknown Source)\n\tat java.base/jdk.internal.reflect.DelegatingConstructorAccessorImpl.newInstance(DelegatingConstructorAccessorImpl.java:45)\n\tat java.base/java.lang.reflect.Constructor.newInstance(Constructor.java:490)\n\tat org.openqa.selenium.remote.W3CHandshakeResponse.lambda$errorHandler$0(W3CHandshakeResponse.java:62)\n\tat org.openqa.selenium.remote.HandshakeResponse.lambda$getResponseFunction$0(HandshakeResponse.java:30)\n\tat org.openqa.selenium.remote.ProtocolHandshake.lambda$createSession$0(ProtocolHandshake.java:126)\n\tat java.base/java.util.stream.ReferencePipeline$3$1.accept(ReferencePipeline.java:195)\n\tat java.base/java.util.Spliterators$ArraySpliterator.tryAdvance(Spliterators.java:958)\n\tat java.base/java.util.stream.ReferencePipeline.forEachWithCancel(ReferencePipeline.java:127)\n\tat java.base/java.util.stream.AbstractPipeline.copyIntoWithCancel(AbstractPipeline.java:502)\n\tat java.base/java.util.stream.AbstractPipeline.copyInto(AbstractPipeline.java:488)\n\tat java.base/java.util.stream.AbstractPipeline.wrapAndCopyInto(AbstractPipeline.java:474)\n\tat java.base/java.util.stream.FindOps$FindOp.evaluateSequential(FindOps.java:150)\n\tat java.base/java.util.stream.AbstractPipeline.evaluate(AbstractPipeline.java:234)\n\tat java.base/java.util.stream.ReferencePipeline.findFirst(ReferencePipeline.java:543)\n\tat org.openqa.selenium.remote.ProtocolHandshake.createSession(ProtocolHandshake.java:128)\n\tat org.openqa.selenium.remote.ProtocolHandshake.createSession(ProtocolHandshake.java:74)\n\tat org.openqa.selenium.remote.HttpCommandExecutor.execute(HttpCommandExecutor.java:136)\n\tat org.openqa.selenium.remote.service.DriverCommandExecutor.execute(DriverCommandExecutor.java:83)\n\tat org.openqa.selenium.remote.RemoteWebDriver.execute(RemoteWebDriver.java:552)\n\tat org.openqa.selenium.remote.RemoteWebDriver.startSession(RemoteWebDriver.java:213)\n\tat org.openqa.selenium.remote.RemoteWebDriver.<init>(RemoteWebDriver.java:131)\n\tat org.openqa.selenium.chrome.ChromeDriver.<init>(ChromeDriver.java:181)\n\tat com.codeborne.selenide.webdriver.ChromeDriverFactory.create(ChromeDriverFactory.java:55)\n\tat com.codeborne.selenide.webdriver.WebDriverFactory.createWebDriverInstance(WebDriverFactory.java:111)\n\tat com.codeborne.selenide.webdriver.WebDriverFactory.createWebDriver(WebDriverFactory.java:72)\n\tat com.codeborne.selenide.drivercommands.CreateDriverCommand.createDriver(CreateDriverCommand.java:68)\n\tat com.codeborne.selenide.impl.WebDriverThreadLocalContainer.createDriver(WebDriverThreadLocalContainer.java:153)\n\tat com.codeborne.selenide.impl.WebDriverThreadLocalContainer.getAndCheckWebDriver(WebDriverThreadLocalContainer.java:139)\n\tat com.codeborne.selenide.WebDriverRunner.getAndCheckWebDriver(WebDriverRunner.java:105)\n\tat com.codeborne.selenide.impl.StaticDriver.getAndCheckWebDriver(StaticDriver.java:65)\n\tat com.codeborne.selenide.SelenideDriver.getAndCheckWebDriver(SelenideDriver.java:192)\n\tat com.codeborne.selenide.drivercommands.Navigator.lambda$navigateTo$0(Navigator.java:68)\n\tat com.codeborne.selenide.logevents.SelenideLogger.run(SelenideLogger.java:139)\n\tat com.codeborne.selenide.drivercommands.Navigator.navigateTo(Navigator.java:66)\n\tat com.codeborne.selenide.drivercommands.Navigator.open(Navigator.java:30)\n\tat com.codeborne.selenide.SelenideDriver.open(SelenideDriver.java:87)\n\tat com.codeborne.selenide.Selenide.open(Selenide.java:50)\n\tat ru.netology.cases.OrderByCardTest.openPage(OrderByCardTest.java:21)\n\tat java.base/jdk.internal.reflect.NativeMethodAccessorImpl.invoke0(Native Method)\n\tat java.base/jdk.internal.reflect.NativeMethodAccessorImpl.invoke(NativeMethodAccessorImpl.java:62)\n\tat java.base/jdk.internal.reflect.DelegatingMethodAccessorImpl.invoke(DelegatingMethodAccessorImpl.java:43)\n\tat java.base/java.lang.reflect.Method.invoke(Method.java:566)\n\tat org.junit.platform.commons.util.ReflectionUtils.invokeMethod(ReflectionUtils.java:688)\n\tat org.junit.jupiter.engine.execution.MethodInvocation.proceed(MethodInvocation.java:60)\n\tat org.junit.jupiter.engine.execution.InvocationInterceptorChain$ValidatingInvocation.proceed(InvocationInterceptorChain.java:131)\n\tat org.junit.jupiter.engine.extension.TimeoutExtension.intercept(TimeoutExtension.java:149)\n\tat org.junit.jupiter.engine.extension.TimeoutExtension.interceptLifecycleMethod(TimeoutExtension.java:126)\n\tat org.junit.jupiter.engine.extension.TimeoutExtension.interceptBeforeEachMethod(TimeoutExtension.java:76)\n\tat org.junit.jupiter.engine.execution.ExecutableInvoker$ReflectiveInterceptorCall.lambda$ofVoidMethod$0(ExecutableInvoker.java:115)\n\tat org.junit.jupiter.engine.execution.ExecutableInvoker.lambda$invoke$0(ExecutableInvoker.java:105)\n\tat org.junit.jupiter.engine.execution.InvocationInterceptorChain$InterceptedInvocation.proceed(InvocationInterceptorChain.java:106)\n\tat org.junit.jupiter.engine.execution.InvocationInterceptorChain.proceed(InvocationInterceptorChain.java:64)\n\tat org.junit.jupiter.engine.execution.InvocationInterceptorChain.chainAndInvoke(InvocationInterceptorChain.java:45)\n\tat org.junit.jupiter.engine.execution.InvocationInterceptorChain.invoke(InvocationInterceptorChain.java:37)\n\tat org.junit.jupiter.engine.execution.ExecutableInvoker.invoke(ExecutableInvoker.java:104)\n\tat org.junit.jupiter.engine.execution.ExecutableInvoker.invoke(ExecutableInvoker.java:98)\n\tat org.junit.jupiter.engine.descriptor.ClassBasedTestDescriptor.invokeMethodInExtensionContext(ClassBasedTestDescriptor.java:490)\n\tat org.junit.jupiter.engine.descriptor.ClassBasedTestDescriptor.lambda$synthesizeBeforeEachMethodAdapter$19(ClassBasedTestDescriptor.java:475)\n\tat org.junit.jupiter.engine.descriptor.TestMethodTestDescriptor.lambda$invokeBeforeEachMethods$2(TestMethodTestDescriptor.java:167)\n\tat org.junit.jupiter.engine.descriptor.TestMethodTestDescriptor.lambda$invokeBeforeMethodsOrCallbacksUntilExceptionOccurs$5(TestMethodTestDescriptor.java:195)\n\tat org.junit.platform.engine.support.hierarchical.ThrowableCollector.execute(ThrowableCollector.java:73)\n\tat org.junit.jupiter.engine.descriptor.TestMethodTestDescriptor.invokeBeforeMethodsOrCallbacksUntilExceptionOccurs(TestMethodTestDescriptor.java:195)\n\tat org.junit.jupiter.engine.descriptor.TestMethodTestDescriptor.invokeBeforeEachMethods(TestMethodTestDescriptor.java:164)\n\tat org.junit.jupiter.engine.descriptor.TestMethodTestDescriptor.execute(TestMethodTestDescriptor.java:127)\n\tat org.junit.jupiter.engine.descriptor.TestMethodTestDescriptor.execute(TestMethodTestDescriptor.java:65)\n\tat org.junit.platform.engine.support.hierarchical.NodeTestTask.lambda$executeRecursively$5(NodeTestTask.java:139)\n\tat org.junit.platform.engine.support.hierarchical.ThrowableCollector.execute(ThrowableCollector.java:73)\n\tat org.junit.platform.engine.support.hierarchical.NodeTestTask.lambda$executeRecursively$7(NodeTestTask.java:129)\n\tat org.junit.platform.engine.support.hierarchical.Node.around(Node.java:137)\n\tat org.junit.platform.engine.support.hierarchical.NodeTestTask.lambda$executeRecursively$8(NodeTestTask.java:127)\n\tat org.junit.platform.engine.support.hierarchical.ThrowableCollector.execute(ThrowableCollector.java:73)\n\tat org.junit.platform.engine.support.hierarchical.NodeTestTask.executeRecursively(NodeTestTask.java:126)\n\tat org.junit.platform.engine.support.hierarchical.NodeTestTask.execute(NodeTestTask.java:84)\n\tat java.base/java.util.ArrayList.forEach(ArrayList.java:1541)\n\tat org.junit.platform.engine.support.hierarchical.SameThreadHierarchicalTestExecutorService.invokeAll(SameThreadHierarchicalTestExecutorService.java:38)\n\tat org.junit.platform.engine.support.hierarchical.NodeTestTask.lambda$executeRecursively$5(NodeTestTask.java:143)\n\tat org.junit.platform.engine.support.hierarchical.ThrowableCollector.execute(ThrowableCollector.java:73)\n\tat org.junit.platform.engine.support.hierarchical.NodeTestTask.lambda$executeRecursively$7(NodeTestTask.java:129)\n\tat org.junit.platform.engine.support.hierarchical.Node.around(Node.java:137)\n\tat org.junit.platform.engine.support.hierarchical.NodeTestTask.lambda$executeRecursively$8(NodeTestTask.java:127)\n\tat org.junit.platform.engine.support.hierarchical.ThrowableCollector.execute(ThrowableCollector.java:73)\n\tat org.junit.platform.engine.support.hierarchical.NodeTestTask.executeRecursively(NodeTestTask.java:126)\n\tat org.junit.platform.engine.support.hierarchical.NodeTestTask.execute(NodeTestTask.java:84)\n\tat java.base/java.util.ArrayList.forEach(ArrayList.java:1541)\n\tat org.junit.platform.engine.support.hierarchical.SameThreadHierarchicalTestExecutorService.invokeAll(SameThreadHierarchicalTestExecutorService.java:38)\n\tat org.junit.platform.engine.support.hierarchical.NodeTestTask.lambda$executeRecursively$5(NodeTestTask.java:143)\n\tat org.junit.platform.engine.support.hierarchical.ThrowableCollector.execute(ThrowableCollector.java:73)\n\tat org.junit.platform.engine.support.hierarchical.NodeTestTask.lambda$executeRecursively$7(NodeTestTask.java:129)\n\tat org.junit.platform.engine.support.hierarchical.Node.around(Node.java:137)\n\tat org.junit.platform.engine.support.hierarchical.NodeTestTask.lambda$executeRecursively$8(NodeTestTask.java:127)\n\tat org.junit.platform.engine.support.hierarchical.ThrowableCollector.execute(ThrowableCollector.java:73)\n\tat org.junit.platform.engine.support.hierarchical.NodeTestTask.executeRecursively(NodeTestTask.java:126)\n\tat org.junit.platform.engine.support.hierarchical.NodeTestTask.execute(NodeTestTask.java:84)\n\tat org.junit.platform.engine.support.hierarchical.SameThreadHierarchicalTestExecutorService.submit(SameThreadHierarchicalTestExecutorService.java:32)\n\tat org.junit.platform.engine.support.hierarchical.HierarchicalTestExecutor.execute(HierarchicalTestExecutor.java:57)\n\tat org.junit.platform.engine.support.hierarchical.HierarchicalTestEngine.execute(HierarchicalTestEngine.java:51)\n\tat org.junit.platform.launcher.core.EngineExecutionOrchestrator.execute(EngineExecutionOrchestrator.java:108)\n\tat org.junit.platform.launcher.core.EngineExecutionOrchestrator.execute(EngineExecutionOrchestrator.java:88)\n\tat org.junit.platform.launcher.core.EngineExecutionOrchestrator.lambda$execute$0(EngineExecutionOrchestrator.java:54)\n\tat org.junit.platform.launcher.core.EngineExecutionOrchestrator.withInterceptedStreams(EngineExecutionOrchestrator.java:67)\n\tat org.junit.platform.launcher.core.EngineExecutionOrchestrator.execute(EngineExecutionOrchestrator.java:52)\n\tat org.junit.platform.launcher.core.DefaultLauncher.execute(DefaultLauncher.java:96)\n\tat org.junit.platform.launcher.core.DefaultLauncher.execute(DefaultLauncher.java:75)\n\tat org.gradle.api.internal.tasks.testing.junitplatform.JUnitPlatformTestClassProcessor$CollectAllTestClassesExecutor.processAllTestClasses(JUnitPlatformTestClassProcessor.java:99)\n\tat org.gradle.api.internal.tasks.testing.junitplatform.JUnitPlatformTestClassProcessor$CollectAllTestClassesExecutor.access$000(JUnitPlatformTestClassProcessor.java:79)\n\tat org.gradle.api.internal.tasks.testing.junitplatform.JUnitPlatformTestClassProcessor.stop(JUnitPlatformTestClassProcessor.java:75)\n\tat org.gradle.api.internal.tasks.testing.SuiteTestClassProcessor.stop(SuiteTestClassProcessor.java:61)\n\tat java.base/jdk.internal.reflect.NativeMethodAccessorImpl.invoke0(Native Method)\n\tat java.base/jdk.internal.reflect.NativeMethodAccessorImpl.invoke(NativeMethodAccessorImpl.java:62)\n\tat java.base/jdk.internal.reflect.DelegatingMethodAccessorImpl.invoke(DelegatingMethodAccessorImpl.java:43)\n\tat java.base/java.lang.reflect.Method.invoke(Method.java:566)\n\tat org.gradle.internal.dispatch.ReflectionDispatch.dispatch(ReflectionDispatch.java:36)\n\tat org.gradle.internal.dispatch.ReflectionDispatch.dispatch(ReflectionDispatch.java:24)\n\tat org.gradle.internal.dispatch.ContextClassLoaderDispatch.dispatch(ContextClassLoaderDispatch.java:33)\n\tat org.gradle.internal.dispatch.ProxyDispatchAdapter$DispatchingInvocationHandler.invoke(ProxyDispatchAdapter.java:94)\n\tat com.sun.proxy.$Proxy2.stop(Unknown Source)\n\tat org.gradle.api.internal.tasks.testing.worker.TestWorker.stop(TestWorker.java:133)\n\tat java.base/jdk.internal.reflect.NativeMethodAccessorImpl.invoke0(Native Method)\n\tat java.base/jdk.internal.reflect.NativeMethodAccessorImpl.invoke(NativeMethodAccessorImpl.java:62)\n\tat java.base/jdk.internal.reflect.DelegatingMethodAccessorImpl.invoke(DelegatingMethodAccessorImpl.java:43)\n\tat java.base/java.lang.reflect.Method.invoke(Method.java:566)\n\tat org.gradle.internal.dispatch.ReflectionDispatch.dispatch(ReflectionDispatch.java:36)\n\tat org.gradle.internal.dispatch.ReflectionDispatch.dispatch(ReflectionDispatch.java:24)\n\tat org.gradle.internal.remote.internal.hub.MessageHubBackedObjectConnection$DispatchWrapper.dispatch(MessageHubBackedObjectConnection.java:182)\n\tat org.gradle.internal.remote.internal.hub.MessageHubBackedObjectConnection$DispatchWrapper.dispatch(MessageHubBackedObjectConnection.java:164)\n\tat org.gradle.internal.remote.internal.hub.MessageHub$Handler.run(MessageHub.java:414)\n\tat org.gradle.internal.concurrent.ExecutorPolicy$CatchAndRecordFailures.onExecute(ExecutorPolicy.java:64)\n\tat org.gradle.internal.concurrent.ManagedExecutorImpl$1.run(ManagedExecutorImpl.java:48)\n\tat java.base/java.util.concurrent.ThreadPoolExecutor.runWorker(ThreadPoolExecutor.java:1128)\n\tat java.base/java.util.concurrent.ThreadPoolExecutor$Worker.run(ThreadPoolExecutor.java:628)\n\tat org.gradle.internal.concurrent.ThreadFactoryImpl$ManagedThreadRunnable.run(ThreadFactoryImpl.java:56)\n\tat java.base/java.lang.Thread.run(Thread.java:829)\n",
  "flaky" : false,
  "newFailed" : false,
  "beforeStages" : [ ],
  "afterStages" : [ ],
  "labels" : [ {
    "name" : "feature",
    "value" : "Покупка тура по карте"
  }, {
    "name" : "story",
    "value" : "Валидация полей"
  }, {
    "name" : "host",
    "value" : "fv-az224-717"
  }, {
    "name" : "thread",
    "value" : "4160@fv-az224-717.Test worker(11)"
  }, {
    "name" : "framework",
    "value" : "junit-platform"
  }, {
    "name" : "language",
    "value" : "java"
  }, {
    "name" : "package",
    "value" : "ru.netology.cases.OrderByCardTest"
  }, {
    "name" : "testClass",
    "value" : "ru.netology.cases.OrderByCardTest"
  }, {
    "name" : "testMethod",
    "value" : "shouldNotSendWithCyrillicOwner"
  }, {
    "name" : "suite",
    "value" : "ru.netology.cases.OrderByCardTest"
  }, {
    "name" : "resultFormat",
    "value" : "allure2"
  } ],
  "parameters" : [ ],
  "links" : [ {
    "name" : "7",
    "url" : "https://github.com/FlyingDog265/NetologyDiploma/issues/7",
    "type" : "issue"
  } ],
  "hidden" : false,
  "retry" : false,
  "extra" : {
    "severity" : "normal",
    "retries" : [ ],
    "categories" : [ {
      "name" : "Test defects",
      "matchedStatuses" : [ ],
      "flaky" : false
    } ],
    "history" : {
      "statistic" : {
        "failed" : 8,
        "broken" : 1,
        "skipped" : 0,
        "passed" : 0,
        "unknown" : 0,
        "total" : 9
      },
      "items" : [ {
        "uid" : "571b971d1484e697",
        "reportUrl" : "https://FlyingDog265.github.io/NetologyDiploma/14//#testresult/571b971d1484e697",
        "status" : "failed",
        "statusDetails" : "Element should be not visible {div[class*='notification_status_ok']}\nElement: '<div class=\"notification notification_visible notification_status_ok notification_has-closer notification_stick-to_right notification_theme_alfa-on-white\">Успешно\nОперация одобрена Банком.</div>'\nActual value: visible:true\nScreenshot: file:/home/runner/work/NetologyDiploma/NetologyDiploma/build/reports/tests/1627157162720.4.png\nPage source: file:/home/runner/work/NetologyDiploma/NetologyDiploma/build/reports/tests/1627157162720.4.html\nTimeout: 4 s.",
        "time" : {
          "start" : 1627157152046,
          "stop" : 1627157162877,
          "duration" : 10831
        }
      }, {
        "uid" : "faf47782a3029ea",
        "reportUrl" : "https://FlyingDog265.github.io/NetologyDiploma/13//#testresult/faf47782a3029ea",
        "status" : "failed",
        "statusDetails" : "Element not found {fieldset div:nth-of-type(3) > span > span:nth-of-type(1) span[class='input__sub']}\nExpected: visible\nScreenshot: file:/home/runner/work/NetologyDiploma/NetologyDiploma/build/reports/tests/1627156140915.4.png\nPage source: file:/home/runner/work/NetologyDiploma/NetologyDiploma/build/reports/tests/1627156140915.4.html\nTimeout: 4 s.\nCaused by: NoSuchElementException: no such element: Unable to locate element: {\"method\":\"css selector\",\"selector\":\"fieldset div:nth-of-type(3) > span > span:nth-of-type(1) span[class='input__sub']\"}",
        "time" : {
          "start" : 1627156131395,
          "stop" : 1627156141045,
          "duration" : 9650
        }
      }, {
        "uid" : "18bcf05e183b8972",
        "reportUrl" : "https://FlyingDog265.github.io/NetologyDiploma/12//#testresult/18bcf05e183b8972",
        "status" : "failed",
        "statusDetails" : "Element should be not visible {div[class*='notification_status_ok']}\nElement: '<div class=\"notification notification_visible notification_status_ok notification_has-closer notification_stick-to_right notification_theme_alfa-on-white\">Успешно\nОперация одобрена Банком.</div>'\nActual value: visible:true\nScreenshot: file:/home/runner/work/NetologyDiploma/NetologyDiploma/build/reports/tests/1627156056988.4.png\nPage source: file:/home/runner/work/NetologyDiploma/NetologyDiploma/build/reports/tests/1627156056988.4.html\nTimeout: 4 s.",
        "time" : {
          "start" : 1627156044473,
          "stop" : 1627156057135,
          "duration" : 12662
        }
      }, {
        "uid" : "f80394491f5636f6",
        "reportUrl" : "https://FlyingDog265.github.io/NetologyDiploma/11//#testresult/f80394491f5636f6",
        "status" : "failed",
        "statusDetails" : "Element should be not visible {div[class*='notification_status_ok']}\nElement: '<div class=\"notification notification_visible notification_status_ok notification_has-closer notification_stick-to_right notification_theme_alfa-on-white\">Успешно\nОперация одобрена Банком.</div>'\nActual value: visible:true\nScreenshot: file:/home/runner/work/NetologyDiploma/NetologyDiploma/build/reports/tests/1627050659150.4.png\nPage source: file:/home/runner/work/NetologyDiploma/NetologyDiploma/build/reports/tests/1627050659150.4.html\nTimeout: 4 s.",
        "time" : {
          "start" : 1627050649104,
          "stop" : 1627050659297,
          "duration" : 10193
        }
      }, {
        "uid" : "167084bc790f80ad",
        "reportUrl" : "https://FlyingDog265.github.io/NetologyDiploma/10//#testresult/167084bc790f80ad",
        "status" : "failed",
        "statusDetails" : "Element should be not visible {div[class*='notification_status_ok']}\nElement: '<div class=\"notification notification_visible notification_status_ok notification_has-closer notification_stick-to_right notification_theme_alfa-on-white\">Успешно\nОперация одобрена Банком.</div>'\nActual value: visible:true\nScreenshot: file:/home/runner/work/NetologyDiploma/NetologyDiploma/build/reports/tests/1627049829654.4.png\nPage source: file:/home/runner/work/NetologyDiploma/NetologyDiploma/build/reports/tests/1627049829654.4.html\nTimeout: 4 s.",
        "time" : {
          "start" : 1627049814824,
          "stop" : 1627049829806,
          "duration" : 14982
        }
      }, {
        "uid" : "542989b719955536",
        "reportUrl" : "https://FlyingDog265.github.io/NetologyDiploma/9//#testresult/542989b719955536",
        "status" : "failed",
        "statusDetails" : "Element not found {fieldset div:nth-of-type(3) > span > span:nth-of-type(1) span[class='input__sub']}\nExpected: visible\nScreenshot: file:/home/runner/work/NetologyDiploma/NetologyDiploma/build/reports/tests/1627040596981.4.png\nPage source: file:/home/runner/work/NetologyDiploma/NetologyDiploma/build/reports/tests/1627040596981.4.html\nTimeout: 4 s.\nCaused by: NoSuchElementException: no such element: Unable to locate element: {\"method\":\"css selector\",\"selector\":\"fieldset div:nth-of-type(3) > span > span:nth-of-type(1) span[class='input__sub']\"}",
        "time" : {
          "start" : 1627040592068,
          "stop" : 1627040597154,
          "duration" : 5086
        }
      }, {
        "uid" : "7130335a6d0c4543",
        "reportUrl" : "https://FlyingDog265.github.io/NetologyDiploma/8//#testresult/7130335a6d0c4543",
        "status" : "failed",
        "statusDetails" : "Element not found {fieldset div:nth-of-type(3) > span > span:nth-of-type(1) span[class='input__sub']}\nExpected: visible\nScreenshot: file:/home/runner/work/NetologyDiploma/NetologyDiploma/build/reports/tests/1627029757668.4.png\nPage source: file:/home/runner/work/NetologyDiploma/NetologyDiploma/build/reports/tests/1627029757668.4.html\nTimeout: 4 s.\nCaused by: NoSuchElementException: no such element: Unable to locate element: {\"method\":\"css selector\",\"selector\":\"fieldset div:nth-of-type(3) > span > span:nth-of-type(1) span[class='input__sub']\"}",
        "time" : {
          "start" : 1627029752543,
          "stop" : 1627029757883,
          "duration" : 5340
        }
      }, {
        "uid" : "b32014f76f12755e",
        "reportUrl" : "https://FlyingDog265.github.io/NetologyDiploma/7//#testresult/b32014f76f12755e",
        "status" : "failed",
        "statusDetails" : "Element not found {fieldset div:nth-of-type(3) > span > span:nth-of-type(1) span[class='input__sub']}\nExpected: visible\nScreenshot: file:/home/runner/work/NetologyDiploma/NetologyDiploma/build/reports/tests/1626975580774.3.png\nPage source: file:/home/runner/work/NetologyDiploma/NetologyDiploma/build/reports/tests/1626975580774.3.html\nTimeout: 4 s.\nCaused by: NoSuchElementException: no such element: Unable to locate element: {\"method\":\"css selector\",\"selector\":\"fieldset div:nth-of-type(3) > span > span:nth-of-type(1) span[class='input__sub']\"}",
        "time" : {
          "start" : 1626975575733,
          "stop" : 1626975580913,
          "duration" : 5180
        }
      } ]
    },
    "tags" : [ ]
  },
  "source" : "ee149947b8a1702b.json",
  "parameterValues" : [ ]
}